<?xml version="1.0" encoding="UTF-8"?>
<!-- Generated by org.testng.reporters.JUnitXMLReporter -->
<testsuite ignored="0" hostname="DESKTOP-RELL2RD" failures="0" tests="2" name="Default test" time="17.59" errors="0" timestamp="2025-02-12T02:13:48 IST">
  <testcase classname="pramodseleniumframework.test.ErrorValidation" name="LoginErrorValidation" time="1.254"/>
  <testcase classname="pramodseleniumframework.test.ErrorValidation" name="ProductErrorValidation" time="3.854"/>
</testsuite> <!-- Default test -->
