<?xml version="1.0" encoding="UTF-8"?>
<!-- Generated by org.testng.reporters.JUnitXMLReporter -->
<testsuite ignored="0" hostname="DESKTOP-RELL2RD" failures="0" tests="2" name="ActualFramework Test" time="21.646" errors="0" timestamp="2025-01-10T07:41:06 IST">
  <testcase classname="pramodseleniumframework.test.ActualFramework" name="submitOrder" time="5.747"/>
  <testcase classname="pramodseleniumframework.test.ActualFramework" name="verifyOrderProduct" time="1.718"/>
</testsuite> <!-- ActualFramework Test -->
