<?xml version="1.0" encoding="UTF-8"?>
<!-- Generated by org.testng.reporters.JUnitXMLReporter -->
<testsuite ignored="0" hostname="DESKTOP-RELL2RD" failures="0" tests="2" name="Error Validation Test" time="24.035" errors="0" timestamp="2025-02-12T02:17:03 IST">
  <testcase classname="pramodseleniumframework.test.ErrorValidation" name="LoginErrorValidation" time="0.779"/>
  <testcase classname="pramodseleniumframework.test.ErrorValidation" name="ProductErrorValidation" time="13.082"/>
</testsuite> <!-- Error Validation Test -->
