<?xml version="1.0" encoding="UTF-8"?>
<!-- Generated by org.testng.reporters.JUnitXMLReporter -->
<testsuite ignored="0" hostname="DESKTOP-RELL2RD" failures="0" tests="3" name="PurchaseOrder Test" time="30.378" errors="0" timestamp="2025-02-12T02:17:09 IST">
  <testcase classname="pramodseleniumframework.test.PurchaseOrder" name="submitOrder" time="8.424"/>
  <testcase classname="pramodseleniumframework.test.PurchaseOrder" name="submitOrder" time="4.907"/>
  <testcase classname="pramodseleniumframework.test.PurchaseOrder" name="verifyOrderProduct" time="1.402"/>
</testsuite> <!-- PurchaseOrder Test -->
