<?xml version="1.0" encoding="UTF-8"?>
<!-- Generated by org.testng.reporters.JUnitXMLReporter -->
<testsuite ignored="1" hostname="DESKTOP-RELL2RD" failures="0" tests="2" name="Purchase Order Test" time="22.506" errors="0" timestamp="2025-01-10T07:47:24 IST">
  <testcase classname="pramodseleniumframework.test.PurchaseOrder" name="submitOrder" time="5.07"/>
  <testcase classname="pramodseleniumframework.test.PurchaseOrder" name="submitOrder" time="5.062"/>
  <testcase classname="pramodseleniumframework.test.PurchaseOrder" name="verifyOrderProduct" time="0.0">
    <ignored/>
  </testcase> <!-- verifyOrderProduct -->
</testsuite> <!-- Purchase Order Test -->
