<?xml version="1.0" encoding="UTF-8"?>
<!-- Generated by org.testng.reporters.JUnitXMLReporter -->
<testsuite ignored="1" hostname="DESKTOP-RELL2RD" failures="0" tests="1" name="Error Validation Test" time="8.887" errors="0" timestamp="2025-01-21T05:43:49 IST">
  <testcase classname="pramodseleniumframework.test.ErrorValidation" name="LoginErrorValidation" time="2.088"/>
  <testcase classname="pramodseleniumframework.test.ErrorValidation" name="ProductErrorValidation" time="0.0">
    <ignored/>
  </testcase> <!-- ProductErrorValidation -->
</testsuite> <!-- Error Validation Test -->
