<?xml version="1.0" encoding="UTF-8"?>
<!-- Generated by org.testng.reporters.JUnitXMLReporter -->
<testsuite ignored="0" hostname="DESKTOP-RELL2RD" failures="0" tests="3" name="PurchaseOrder Test" time="52.871" errors="0" timestamp="2025-01-21T05:39:23 IST">
  <testcase classname="pramodseleniumframework.test.PurchaseOrder" name="submitOrder" time="24.65"/>
  <testcase classname="pramodseleniumframework.test.PurchaseOrder" name="submitOrder" time="5.842"/>
  <testcase classname="pramodseleniumframework.test.PurchaseOrder" name="verifyOrderProduct" time="1.953"/>
</testsuite> <!-- PurchaseOrder Test -->
