<?xml version="1.0" encoding="UTF-8"?>
<!-- Generated by org.testng.reporters.JUnitXMLReporter -->
<testsuite ignored="2" hostname="DESKTOP-RELL2RD" failures="0" tests="0" time="0.011" errors="0" timestamp="2025-01-21T05:43:40 IST">
  <testcase classname="pramodseleniumframework.test.ActualFramework" name="verifyOrderProduct" time="0.0">
    <ignored/>
  </testcase> <!-- verifyOrderProduct -->
  <testcase classname="pramodseleniumframework.test.ActualFramework" name="submitOrder" time="0.0">
    <ignored/>
  </testcase> <!-- submitOrder -->
</testsuite>
