<?xml version="1.0" encoding="UTF-8"?>
<testng-results ignored="0" total="5" passed="5" failed="0" skipped="0">
  <reporter-output>
  </reporter-output>
  <suite started-at="2025-02-12T02:16:39 IST" name="Suite" finished-at="2025-02-12T02:17:09 IST" duration-ms="30378">
    <groups>
      <group name="ErrorHandling">
        <method signature="ErrorValidation.LoginErrorValidation()[pri:0, instance:pramodseleniumframework.test.ErrorValidation@5b619d14]" name="LoginErrorValidation" class="pramodseleniumframework.test.ErrorValidation"/>
      </group> <!-- ErrorHandling -->
      <group name="Purchase">
        <method signature="PurchaseOrder.submitOrder(java.util.HashMap)[pri:0, instance:pramodseleniumframework.test.PurchaseOrder@79c7532f]" name="submitOrder" class="pramodseleniumframework.test.PurchaseOrder"/>
      </group> <!-- Purchase -->
    </groups>
    <test started-at="2025-02-12T02:16:39 IST" name="Error Validation Test" finished-at="2025-02-12T02:17:03 IST" duration-ms="24035">
      <class name="pramodseleniumframework.test.ErrorValidation">
        <test-method is-config="true" signature="LaunchApplication()[pri:0, instance:pramodseleniumframework.test.ErrorValidation@5b619d14]" started-at="2025-02-12T02:16:39 IST" name="LaunchApplication" finished-at="2025-02-12T02:16:46 IST" duration-ms="7143" status="PASS">
          <reporter-output>
          </reporter-output>
        </test-method> <!-- LaunchApplication -->
        <test-method signature="LoginErrorValidation()[pri:0, instance:pramodseleniumframework.test.ErrorValidation@5b619d14]" started-at="2025-02-12T02:16:46 IST" name="LoginErrorValidation" finished-at="2025-02-12T02:16:47 IST" duration-ms="779" status="PASS">
          <reporter-output>
          </reporter-output>
        </test-method> <!-- LoginErrorValidation -->
        <test-method is-config="true" signature="closeBrowser()[pri:0, instance:pramodseleniumframework.test.ErrorValidation@5b619d14]" started-at="2025-02-12T02:16:47 IST" name="closeBrowser" finished-at="2025-02-12T02:16:47 IST" duration-ms="104" status="PASS">
          <reporter-output>
          </reporter-output>
        </test-method> <!-- closeBrowser -->
        <test-method is-config="true" signature="LaunchApplication()[pri:0, instance:pramodseleniumframework.test.ErrorValidation@5b619d14]" started-at="2025-02-12T02:16:47 IST" name="LaunchApplication" finished-at="2025-02-12T02:16:49 IST" duration-ms="2394" status="PASS">
          <reporter-output>
          </reporter-output>
        </test-method> <!-- LaunchApplication -->
        <test-method signature="ProductErrorValidation()[pri:0, instance:pramodseleniumframework.test.ErrorValidation@5b619d14]" started-at="2025-02-12T02:16:49 IST" name="ProductErrorValidation" finished-at="2025-02-12T02:17:02 IST" duration-ms="13082" status="PASS">
          <reporter-output>
          </reporter-output>
        </test-method> <!-- ProductErrorValidation -->
        <test-method is-config="true" signature="closeBrowser()[pri:0, instance:pramodseleniumframework.test.ErrorValidation@5b619d14]" started-at="2025-02-12T02:17:02 IST" name="closeBrowser" finished-at="2025-02-12T02:17:03 IST" duration-ms="477" status="PASS">
          <reporter-output>
          </reporter-output>
        </test-method> <!-- closeBrowser -->
      </class> <!-- pramodseleniumframework.test.ErrorValidation -->
    </test> <!-- Error Validation Test -->
    <test started-at="2025-02-12T02:16:39 IST" name="PurchaseOrder Test" finished-at="2025-02-12T02:17:09 IST" duration-ms="30378">
      <class name="pramodseleniumframework.test.PurchaseOrder">
        <test-method is-config="true" signature="LaunchApplication()[pri:0, instance:pramodseleniumframework.test.PurchaseOrder@79c7532f]" started-at="2025-02-12T02:16:39 IST" name="LaunchApplication" finished-at="2025-02-12T02:16:43 IST" duration-ms="3605" status="PASS">
          <reporter-output>
          </reporter-output>
        </test-method> <!-- LaunchApplication -->
        <test-method signature="submitOrder(java.util.HashMap)[pri:0, instance:pramodseleniumframework.test.PurchaseOrder@79c7532f]" started-at="2025-02-12T02:16:43 IST" name="submitOrder" data-provider="getData3" finished-at="2025-02-12T02:16:51 IST" duration-ms="8424" status="PASS">
          <params>
            <param index="0">
              <value>
                <![CDATA[{product=IPHONE 13 PRO, pwd=Pramod@123, email=pandit22898@gmail.com}]]>
              </value>
            </param>
          </params>
          <reporter-output>
          </reporter-output>
        </test-method> <!-- submitOrder -->
        <test-method is-config="true" signature="closeBrowser()[pri:0, instance:pramodseleniumframework.test.PurchaseOrder@79c7532f]" started-at="2025-02-12T02:16:51 IST" name="closeBrowser" finished-at="2025-02-12T02:16:51 IST" duration-ms="131" status="PASS">
          <reporter-output>
          </reporter-output>
        </test-method> <!-- closeBrowser -->
        <test-method is-config="true" signature="LaunchApplication()[pri:0, instance:pramodseleniumframework.test.PurchaseOrder@79c7532f]" started-at="2025-02-12T02:16:51 IST" name="LaunchApplication" finished-at="2025-02-12T02:16:57 IST" duration-ms="5714" status="PASS">
          <reporter-output>
          </reporter-output>
        </test-method> <!-- LaunchApplication -->
        <test-method signature="submitOrder(java.util.HashMap)[pri:0, instance:pramodseleniumframework.test.PurchaseOrder@79c7532f]" started-at="2025-02-12T02:16:57 IST" name="submitOrder" data-provider="getData3" finished-at="2025-02-12T02:17:02 IST" duration-ms="4907" status="PASS">
          <params>
            <param index="0">
              <value>
                <![CDATA[{product=ZARA COAT 3, pwd=Pramod@123, email=ppendeavour@gmail.com}]]>
              </value>
            </param>
          </params>
          <reporter-output>
          </reporter-output>
        </test-method> <!-- submitOrder -->
        <test-method is-config="true" signature="closeBrowser()[pri:0, instance:pramodseleniumframework.test.PurchaseOrder@79c7532f]" started-at="2025-02-12T02:17:02 IST" name="closeBrowser" finished-at="2025-02-12T02:17:02 IST" duration-ms="104" status="PASS">
          <reporter-output>
          </reporter-output>
        </test-method> <!-- closeBrowser -->
        <test-method is-config="true" signature="LaunchApplication()[pri:0, instance:pramodseleniumframework.test.PurchaseOrder@79c7532f]" started-at="2025-02-12T02:17:02 IST" name="LaunchApplication" finished-at="2025-02-12T02:17:08 IST" duration-ms="5652" status="PASS">
          <reporter-output>
          </reporter-output>
        </test-method> <!-- LaunchApplication -->
        <test-method signature="verifyOrderProduct()[pri:0, instance:pramodseleniumframework.test.PurchaseOrder@79c7532f]" started-at="2025-02-12T02:17:08 IST" name="verifyOrderProduct" finished-at="2025-02-12T02:17:09 IST" depends-on-methods="pramodseleniumframework.test.PurchaseOrder.submitOrder" duration-ms="1402" status="PASS">
          <reporter-output>
          </reporter-output>
        </test-method> <!-- verifyOrderProduct -->
        <test-method is-config="true" signature="closeBrowser()[pri:0, instance:pramodseleniumframework.test.PurchaseOrder@79c7532f]" started-at="2025-02-12T02:17:09 IST" name="closeBrowser" finished-at="2025-02-12T02:17:09 IST" duration-ms="115" status="PASS">
          <reporter-output>
          </reporter-output>
        </test-method> <!-- closeBrowser -->
      </class> <!-- pramodseleniumframework.test.PurchaseOrder -->
    </test> <!-- PurchaseOrder Test -->
  </suite> <!-- Suite -->
</testng-results>
